[www.cbi.org.uk/index.html]
[backblue.gif]
[fade.gif]
[index.html]
[www.cbi.org.uk/cbi-prod/cache/file/A5725FDC-1EEE-4B70-9BBAA75BC963E061.jpg]
[www.cbi.org.uk/cbi-prod/includes/themes/mura-cbi-theme/images/cbi-logo.png]
[www.cbi.org.uk/cbi-prod/includes/themes/mura-cbi-theme/css/bootstrap/bootstrap.min.css]
[www.cbi.org.uk/cbi-prod/includes/themes/mura-cbi-theme/compiled/theme.minfa5a.css]
[www.cbi.org.uk/cbi-prod/includes/themes/mura-cbi-theme/images/ico/apple-touch-icon-57x57.png]
[www.cbi.org.uk/cbi-prod/includes/themes/mura-cbi-theme/images/ico/apple-touch-icon-60x60.png]
[www.cbi.org.uk/cbi-prod/includes/themes/mura-cbi-theme/images/ico/apple-touch-icon-72x72.png]
[www.cbi.org.uk/cbi-prod/includes/themes/mura-cbi-theme/images/ico/apple-touch-icon-76x76.png]
[www.cbi.org.uk/cbi-prod/includes/themes/mura-cbi-theme/images/ico/apple-touch-icon-114x114.png]
[www.cbi.org.uk/cbi-prod/includes/themes/mura-cbi-theme/images/ico/apple-touch-icon-120x120.png]
[www.cbi.org.uk/cbi-prod/includes/themes/mura-cbi-theme/images/ico/apple-touch-icon-144x144.png]
[www.cbi.org.uk/cbi-prod/includes/themes/mura-cbi-theme/images/ico/apple-touch-icon-152x152.png]
[www.cbi.org.uk/cbi-prod/includes/themes/mura-cbi-theme/images/ico/apple-touch-icon-180x180.png]
[www.cbi.org.uk/cbi-prod/includes/themes/mura-cbi-theme/images/ico/favicon-32x32.png]
[www.cbi.org.uk/cbi-prod/includes/themes/mura-cbi-theme/images/ico/android-chrome-192x192.png]
[www.cbi.org.uk/cbi-prod/includes/themes/mura-cbi-theme/images/ico/favicon-96x96.png]
[www.cbi.org.uk/cbi-prod/includes/themes/mura-cbi-theme/images/ico/favicon-16x16.png]
[www.cbi.org.uk/cbi-prod/includes/themes/mura-cbi-theme/images/ico/manifest.json]
[www.cbi.org.uk/cbi-prod/includes/themes/mura-cbi-theme/images/ico/safari-pinned-tab.svg]
[www.cbi.org.uk/cbi-prod/includes/themes/mura-cbi-theme/images/ico/favicon.ico]
[www.cbi.org.uk/cbi-prod/includes/themes/mura-cbi-theme/images/ico/mstile-144x144.png]
[www.cbi.org.uk/cbi-prod/includes/themes/mura-cbi-theme/images/ico/browserconfig.xml]
[www.cbi.org.uk/cbi-prod/includes/themes/mura-cbi-theme/images/CBI_logo-BLUE-MOBILE.svg]
[www.cbi.org.uk/cbi-prod/includes/themes/mura-cbi-theme/images/ico/menu-button.svg]
[www.cbi.org.uk/cbi-prod/includes/themes/mura-cbi-theme/images/buvo-icon-white.gif]
[www.cbi.org.uk/index.cfm/tasks/feed/indexc05d.html]
[www.cbi.org.uk/cbi-prod/includes/themes/mura-cbi-theme/images/2x1.gif]
[www.cbi.org.uk/businessvoice/index.html]
[www.cbi.org.uk/cbi-prod/cache/file/6F3F7FBE-54F2-400F-A9051418BAF07BA2_1xthumb-300.jpg]
[www.cbi.org.uk/about/about-us/index.html]
[www.cbi.org.uk/cbi-prod/cache/file/56946FD6-D95C-4AEF-A5F383A3A858FFC9_1xthumb-300.jpg]
[www.cbi.org.uk/about/how-we-work/index.html]
[www.cbi.org.uk/about/who-we-are/index.html]
[www.cbi.org.uk/cbi-prod/cache/file/B6EEE6D5-7FC2-4888-936CD8D81528B167_1xthumb-300.jpg]
[www.cbi.org.uk/about/where-we-operate/index.html]
[www.cbi.org.uk/about/careers/index.html]
[www.cbi.org.uk/about/careers/senior-policy-adviser/index.html]
[www.cbi.org.uk/about/careers/desktop-analyst/index.html]
[www.cbi.org.uk/about/careers/events-marketing-manager-ftc/index.html]
[www.cbi.org.uk/about/careers/economist-ftc/index.html]
[www.cbi.org.uk/about/careers/relationship-manager/index.html]
[www.cbi.org.uk/about/careers/business-development-executive/index.html]
[www.cbi.org.uk/cbi-prod/cache/file/9DEE9BD2-0FA6-4311-955F9BAF73FA3703_1xthumb-300.jpg]
[www.cbi.org.uk/about/careers/head-of-commercial-partnerships/index.html]
[www.cbi.org.uk/about/careers/head-of-new-product-development/index.html]
[www.cbi.org.uk/business-issues/index.html]
[www.cbi.org.uk/cbi-prod/cache/file/40926782-A342-48A8-9220BF075C15ECEF_1xthumb-300.jpg]
[www.cbi.org.uk/about/partnerships/index.html]
[www.cbi.org.uk/business-issues/prosperity/index.html]
[www.cbi.org.uk/cbi-prod/cache/file/DB670AA5-ACEE-4E5F-99FCC25E8FA5A7EA_banner2016.jpg]
[www.cbi.org.uk/business-issues/brexit-and-eu-negotiations/index.html]
[www.cbi.org.uk/business-issues/construction/index.html]
[www.cbi.org.uk/business-issues/creative-industries/index.html]
[www.cbi.org.uk/cbi-prod/cache/file/714800A6-E5BC-47BF-B86ED6B384353BCC_1xhomepage-cyclepager-lgdesktop.jpg]
[www.cbi.org.uk/business-issues/the-economy/index.html]
[www.cbi.org.uk/cbi-prod/cache/file/C2A3B9FB-A60A-41D1-BD19A3BC4755E034_1xhomepage-cyclepager-lgdesktop.jpg]
[www.cbi.org.uk/cbi-prod/cache/file/DB1849D1-301D-48B7-B16085F62CC0300D_1xhomepage-cyclepager-lgdesktop.jpg]
[www.cbi.org.uk/business-issues/financial-services/index.html]
[www.cbi.org.uk/cbi-prod/includes/themes/mura-cbi-theme/images/cbi-footer-logo-white.png]
[www.cbi.org.uk/business-issues/infrastructure/index.html]
[www.cbi.org.uk/business-issues/innovation/index.html]
[www.cbi.org.uk/business-issues/manufacturing/index.html]
[www.cbi.org.uk/cbi-prod/includes/themes/mura-cbi-theme/js/jquery/jquery.js]
[www.cbi.org.uk/business-issues/people-and-skills/index.html]
[www.cbi.org.uk/business-issues/public-services/index.html]
[www.cbi.org.uk/cbi-prod/includes/themes/mura-cbi-theme/static-js/cbi-tracking.js]
[www.cbi.org.uk/business-issues/public-services/unlocking-talent-employment-and-reducing-reoffending/index.html]
[www.cbi.org.uk/business-issues/regional-growth/index.html]
[www.cbi.org.uk/business-issues/tax-and-regulation/index.html]
[www.cbi.org.uk/business-issues/trade/index.html]
[www.cbi.org.uk/business-issues/technology/index.html]
[www.cbi.org.uk/business-issues/technology/insight-and-analysis/index.html]
[www.cbi.org.uk/business-issues/value-of-business/index.html]
[www.cbi.org.uk/insight-and-analysis/index.html]
[www.cbi.org.uk/insight-and-analysis/markets-for-good/index.html]
[www.cbi.org.uk/insight-and-analysis/pursuing-prosperity-cbi-scotland-delivering-for-business/index.html]
[www.cbi.org.uk/insight-and-analysis/front-of-mind-scotland/index.html]
[www.cbi.org.uk/insight-and-analysis/education-is-everyone-s-business/index.html]
[www.cbi.org.uk/insight-and-analysis/connecting-to-the-future/index.html]
[www.cbi.org.uk/insight-and-analysis/innovation/index.html]
[www.cbi.org.uk/insight-and-analysis/getting-apprenticeships-right-next-steps/index.html]
[www.cbi.org.uk/insight-and-analysis/change-and-opportunity/index.html]
[www.cbi.org.uk/insight-and-analysis/cbi-scotland-draft-scottish-budget-submission-2019-20/index.html]
[www.cbi.org.uk/insight-and-analysis/winning-worldwide-scotland/index.html]
[www.cbi.org.uk/insight-and-analysis/ready-set-connect/index.html]
[www.cbi.org.uk/insight-and-analysis/in-need-of-a-reset/index.html]
[www.cbi.org.uk/insight-and-analysis/the-business-view-on-the-draft-withdrawal-agreement-and-political-declaration/index.html]
[www.cbi.org.uk/insight-and-analysis/educating-for-the-modern-world/index.html]
[www.cbi.org.uk/insight-and-analysis/cbi-scorecard-on-autumn-budget-2018/index.html]
[www.cbi.org.uk/insight-and-analysis/skills-needs-in-england/index.html]
[www.cbi.org.uk/insight-and-analysis/funding-our-future/index.html]
[www.cbi.org.uk/insight-and-analysis/podcast-cbi-insights-round-up-of-labour-conference-2018/index.html]
[www.cbi.org.uk/insight-and-analysis/business-view-of-migration-advisory-committee/index.html]
[www.cbi.org.uk/insight-and-analysis/all-together-better/index.html]
[www.cbi.org.uk/insight-and-analysis/barclay-review-implementation-a-consultation-on-non-domestic-rates-reform/index.html]
[www.cbi.org.uk/insight-and-analysis/building-trust-in-the-digital-economy/index.html]
[cbi-1.disqus.com/count.js]
[www.cbi.org.uk/insight-and-analysis/response-to-the-department-for-work-and-pensions-consultation-on-the-defined-benefit-pensions-regulator-s-powers/index.html]
[www.cbi.org.uk/index.html]
[www.cbi.org.uk/insight-and-analysis/catching-the-peloton/index.html]
[www.cbi.org.uk/insight-and-analysis/podcast-business-investment/index.html]
[www.cbi.org.uk/insight-and-analysis/has-picking-a-date-for-the-budget-ever-been-this-tricky/index.html]
[www.cbi.org.uk/insight-and-analysis/business-view-of-the-eu-from-switzerland/index.html]
[www.cbi.org.uk/insight-and-analysis/podcast-a-guide-to-the-new-corporate-governance-code/index.html]
[www.cbi.org.uk/insight-and-analysis/podcast-political-update1/index.html]
[www.cbi.org.uk/insight-and-analysis/uk-still-usa-s-strongest-investment-partner-at-569bn-cbi-eli-lilly/index.html]
[www.cbi.org.uk/insight-and-analysis/the-business-view-of-brexit-progress/index.html]
[www.cbi.org.uk/insight-and-analysis/budget2017-analysis/index.html]
[www.cbi.org.uk/cbi-prod/includes/themes/mura-cbi-theme/css/fonts/glyphicons-halflings-regular.woff2]
[www.cbi.org.uk/insight-and-analysis/preparing-for-future-customs-arrangements/index.html]
[www.cbi.org.uk/cbi-prod/includes/themes/mura-cbi-theme/css/fonts/glyphicons-halflings-regular.woff]
[www.cbi.org.uk/cbi-prod/includes/themes/mura-cbi-theme/css/fonts/glyphicons-halflings-regular.eot]
[www.cbi.org.uk/cbi-prod/includes/themes/mura-cbi-theme/css/fonts/glyphicons-halflings-regular.ttf]
[www.cbi.org.uk/insight-and-analysis/ready-for-reform/index.html]
[www.cbi.org.uk/cbi-prod/includes/themes/mura-cbi-theme/css/fonts/glyphicons-halflings-regular.svg]
[www.cbi.org.uk/cbi-prod/includes/themes/mura-cbi-theme/css/bootstrap/bootstrap.min.css]
[www.cbi.org.uk/news/index.html]
[www.cbi.org.uk/news/cbi-northern-ireland-s-response-to-tariff-liberalisation-proposals/index.html]
[www.cbi.org.uk/news/enough-is-enough-time-for-parliament-to-stop-the-circus/index.html]
[www.cbi.org.uk/cbi-prod/includes/themes/mura-cbi-theme/compiled/theme.minfa5a.js]
[www.cbi.org.uk/cbi-prod/includes/themes/mura-cbi-theme/images/repeat_BG_pattern13e1.gif]
[www.cbi.org.uk/cbi-prod/includes/themes/mura-cbi-theme/images/businessvoice/envelope13e1.png]
[www.cbi.org.uk/cbi-prod/includes/themes/mura-cbi-theme/images/businessvoice/scroll-arrow13e1.png]
[www.cbi.org.uk/news/northern-ireland-businesses-voice-fears-of-no-deal-brexit/index.html]
[www.cbi.org.uk/news/speech-uk-must-lead-the-way-in-internet-safety/index.html]
[www.cbi.org.uk/cbi-prod/includes/themes/mura-cbi-theme/images/businessvoice/poppy13e1.png]
[www.cbi.org.uk/news/westminster-update34/index.html]
[www.cbi.org.uk/news/business-surveys-suggest-anaemic-growth-in-q1-2019/index.html]
[www.cbi.org.uk/cbi-prod/includes/themes/mura-cbi-theme/images/businessvoice/close313e1.gif]
[www.cbi.org.uk/cbi-prod/includes/themes/mura-cbi-theme/images/businessvoice/buvo-popup-close13e1.gif]
[www.cbi.org.uk/cbi-prod/includes/themes/mura-cbi-theme/images/businessvoice/ab-white13e1.png]
[www.cbi.org.uk/news/cbi-celebrates-national-apprenticeship-week-and-national-careers-week/index.html]
[www.cbi.org.uk/news/cbi-president-urges-pragmatism-from-politicians/index.html]
[www.cbi.org.uk/news/brexit-stalemate-means-growing-damage-today-and-weaker-economy-tomorrow/index.html]
[www.cbi.org.uk/news/uk-must-lead-the-way-in-internet-safety/index.html]
[www.cbi.org.uk/cbi-prod/includes/themes/mura-cbi-theme/images/businessvoice/ab-88813e1.png]
[www.cbi.org.uk/news/our-reaction-to-offshore-wind-sector-deal/index.html]
[www.cbi.org.uk/cbi-prod/includes/themes/mura-cbi-theme/images/businessvoice/ab-red13e1.png]
[www.cbi.org.uk/cbi-prod/includes/themes/mura-cbi-theme/images/businessvoice/ab-aaa13e1.png]
[www.cbi.org.uk/news/access-to-european-markets-post-brexit-is-a-must-for-public-services-providers/index.html]
[www.cbi.org.uk/cbi-prod/includes/themes/mura-cbi-theme/images/businessvoice/google-plus2-white13e1.png]
[www.cbi.org.uk/cbi-prod/includes/themes/mura-cbi-theme/images/businessvoice/google-plus2-88813e1.png]
[www.cbi.org.uk/news/private-sector-growth-stagnates-in-quarter-to-february-growth-indicator/index.html]
[www.cbi.org.uk/cbi-prod/includes/themes/mura-cbi-theme/images/businessvoice/google-plus2-red13e1.png]
[www.cbi.org.uk/news/cbi-india-update-february-2019/index.html]
[www.cbi.org.uk/news/scotland-facing-huge-no-deal-blow-on-trade-cbi-scotland/index.html]
[www.cbi.org.uk/news/don-t-rob-peter-to-pay-paul-to-fund-post-18-english-education-system/index.html]
[www.cbi.org.uk/news/our-comments-on-williams-rail-review/index.html]
[www.cbi.org.uk/news/are-you-aware-of-these-new-business-rates-reliefs/index.html]
[www.cbi.org.uk/cbi-prod/includes/themes/mura-cbi-theme/images/businessvoice/google-plus2-aaa13e1.png]
[www.cbi.org.uk/cbi-prod/includes/themes/mura-cbi-theme/images/businessvoice/itunes-white13e1.png]
[www.cbi.org.uk/news/cbi-continues-to-highlight-the-fallout-of-a-no-deal-scenario/index.html]
[www.cbi.org.uk/news/service-sector-optimism-deteriorates-at-fastest-pace-since-financial-crash/index.html]
[www.cbi.org.uk/news/uk-facing-huge-blow-on-trade-in-no-deal/index.html]
[www.cbi.org.uk/cbi-prod/includes/themes/mura-cbi-theme/images/businessvoice/itunes-88813e1.png]
[www.cbi.org.uk/cbi-prod/includes/themes/mura-cbi-theme/images/businessvoice/itunes-red13e1.png]
[www.cbi.org.uk/cbi-prod/includes/themes/mura-cbi-theme/images/businessvoice/itunes-aaa13e1.png]
[www.cbi.org.uk/cbi-prod/includes/themes/mura-cbi-theme/images/white-fade13e1.png]
[www.cbi.org.uk/news/retail-sales-stand-still-in-february/index.html]
[www.cbi.org.uk/news/cbi-highlights-the-education-system-needs-to-adapt-for-a-changing-work-environment/index.html]
[www.cbi.org.uk/cbi-prod/includes/themes/mura-cbi-theme/images/arrow-down-1513e1.png]
[www.cbi.org.uk/news/westminster-update33/index.html]
[www.cbi.org.uk/cbi-prod/includes/themes/mura-cbi-theme/images/orange-button13e1.png]
[www.cbi.org.uk/cbi-prod/includes/themes/mura-cbi-theme/images/banner-overlay13e1.png]
[www.cbi.org.uk/news/a-30-000-immigration-salary-threshold-will-not-work-for-the-regions-and-nations/index.html]
[www.cbi.org.uk/news/uk-economy-slows-amidst-heightened-brexit-uncertainty/index.html]
[www.cbi.org.uk/news/an-unwelcome-surprise-japan-and-turkey-trade-deals-not-rolled-over-under-no-deal/index.html]
[www.cbi.org.uk/cbi-prod/includes/themes/mura-cbi-theme/images/ico/search-button-white13e1.png]
[www.cbi.org.uk/cbi-prod/includes/themes/mura-cbi-theme/images/teal-button13e1.gif]
[www.cbi.org.uk/news/our-comments-on-energy-in-housing-report/index.html]
[www.cbi.org.uk/cbi-prod/includes/themes/mura-cbi-theme/images/teal-button-symbol13e1.gif]
[www.cbi.org.uk/news/outsourcing-playbook-will-lead-to-better-public-service-delivery/index.html]
[www.cbi.org.uk/cbi-prod/includes/themes/mura-cbi-theme/images/search-button13e1.gif]
[www.cbi.org.uk/news/uk-staring-danger-in-the-face-on-trade-deals/index.html]
[www.cbi.org.uk/news/manufacturing-activity-weakens/index.html]
[www.cbi.org.uk/cbi-prod/includes/themes/mura-cbi-theme/images/cbi-blue-button-up-shadow13e1.png]
[www.cbi.org.uk/news/cbi-pertemps-labour-market-update-february-2019/index.html]
[www.cbi.org.uk/news/our-response-to-fca-wholesale-insurance-brokers-market-study-report/index.html]
[www.cbi.org.uk/news/early-intervention-makes-education-everyone-s-business-and-key-to-solving-scotland-s-long-term-productivity-puzzle-cbi-scotland/index.html]
[www.cbi.org.uk/news/our-response-to-labour-market-statistics4/index.html]
[www.cbi.org.uk/cbi-prod/includes/themes/mura-cbi-theme/images/cbi-blue-button-down-shadow13e1.png]
[www.cbi.org.uk/news/businesses-call-for-action-on-the-uk-s-sustainable-development-goals/index.html]
[www.cbi.org.uk/news/director-general-carolyn-fairbairn-speaks-at-royal-society/index.html]
[www.cbi.org.uk/news/cbi-appoints-new-northern-ireland-vice-chair/index.html]
[www.cbi.org.uk/cbi-prod/includes/themes/mura-cbi-theme/images/pdf13e1.gif]
[www.cbi.org.uk/cbi-prod/includes/themes/mura-cbi-theme/images/arrow-left13e1.png]
[www.cbi.org.uk/news/it-s-now-crunch-time-cbi-on-the-bank-of-england-forecasts/index.html]
[www.cbi.org.uk/cbi-prod/includes/themes/mura-cbi-theme/images/arrow-right13e1.png]
[www.cbi.org.uk/news/no-deal-threat-to-london-s-long-term-competitiveness/index.html]
[www.cbi.org.uk/news/the-prime-minister-seeks-changes-to-the-backstop/index.html]
[www.cbi.org.uk/cbi-prod/includes/themes/mura-cbi-theme/images/blue-button13e1.png]
[www.cbi.org.uk/news/business-backed-blueprint-for-next-stage-of-apprenticeship-reform/index.html]
[www.cbi.org.uk/cbi-prod/includes/themes/mura-cbi-theme/images/blue-button-left13e1.png]
[www.cbi.org.uk/news/ready-set-connect/index.html]
[www.cbi.org.uk/news/cbi-president-says-don-t-put-the-cart-before-the-horse-on-audit-reform/index.html]
[www.cbi.org.uk/news/westminster-update32/index.html]
[www.cbi.org.uk/cbi-prod/includes/themes/mura-cbi-theme/images/nav-arrow-down13e1.png]
[www.cbi.org.uk/cbi-prod/includes/themes/mura-cbi-theme/images/nav-arrow-teal13e1.png]
[www.cbi.org.uk/cbi-prod/includes/themes/mura-cbi-theme/images/blue-button-on-clear-shadow13e1.png]
[www.cbi.org.uk/news/our-comments-on-zero-carbon-homes/index.html]
[www.cbi.org.uk/news/the-decision-of-the-high-court-is-unwelcome-but-not-unexpected/index.html]
[www.cbi.org.uk/news/business-surveys-point-to-subdued-momentum-going-into-2019/index.html]
[www.cbi.org.uk/cbi-prod/includes/themes/mura-cbi-theme/images/start-quotes13e1.gif]
[www.cbi.org.uk/events/sponsor-an-event/index.html]
[www.cbi.org.uk/cbi-prod/includes/themes/mura-cbi-theme/images/end-quotes13e1.gif]
[www.cbi.org.uk/events/events/index.html]
[www.cbi.org.uk/cbi-prod/includes/themes/mura-cbi-theme/images/buvo-link-arrow13e1.png]
[www.cbi.org.uk/events/terms-and-conditions/index.html]
[www.cbi.org.uk/membership/membership/index.html]
[www.cbi.org.uk/membership/what-our-members-say/index.html]
[www.cbi.org.uk/cbi-prod/includes/themes/mura-cbi-theme/images/bv-section-logo13e1.gif]
[www.cbi.org.uk/membership/membership-faqs/index.html]
[www.cbi.org.uk/cbi-prod/includes/themes/mura-cbi-theme/images/ico/twitter18x1813e1.png]
[www.cbi.org.uk/membership/member-lounge/index.html]
[www.cbi.org.uk/contact/contact-us/index.html]
[www.cbi.org.uk/cbi-prod/includes/themes/mura-cbi-theme/images/ico/Twitter32x3213e1.png]
[www.cbi.org.uk/news/index547e.html]
[www.cbi.org.uk/executive-development/index.html]
[www.cbi.org.uk/cbi-prod/includes/themes/mura-cbi-theme/images/orange-button-on-blue13e1.png]
[www.cbi.org.uk/news/brexit/index.html]
[www.cbi.org.uk/cbi-prod/includes/themes/mura-cbi-theme/images/ico/sprites13e1.png]
[www.cbi.org.uk/news/economy/index.html]
[www.cbi.org.uk/cbi-prod/includes/themes/mura-cbi-theme/images/councilchart/downarrowleftlong13e1.gif]
[www.cbi.org.uk/cbi-prod/includes/themes/mura-cbi-theme/images/councilchart/downarrowlong13e1.gif]
[www.cbi.org.uk/news/index1906.html]
[www.cbi.org.uk/events/events/annual-dinner/index.html]
[www.cbi.org.uk/membership/a-year-of-impact/index.html]
[www.cbi.org.uk/cbi-prod/includes/themes/mura-cbi-theme/images/councilchart/downarrowrightlong13e1.gif]
[www.cbi.org.uk/cbi-prod/includes/themes/mura-cbi-theme/images/councilchart/downarrow13e1.gif]
[www.cbi.org.uk/cbi-prod/includes/themes/mura-cbi-theme/images/councilchart/uparrow13e1.gif]
[www.cbi.org.uk/business-issues/the-economy/business-surveys/index.html]
[www.cbi.org.uk/cbi-prod/includes/themes/mura-cbi-theme/images/councilchart/downarrow213e1.gif]
[www.cbi.org.uk/insight-and-analysis/regional-growth-scorecards/index.html]
[www.cbi.org.uk/cbi-prod/includes/themes/mura-cbi-theme/images/councilchart/downarrowleft13e1.gif]
[www.cbi.org.uk/insight-and-analysis/unlocking-regional-growth/index.html]
[www.cbi.org.uk/cbi-prod/includes/themes/mura-cbi-theme/images/councilchart/downarrowright13e1.gif]
[www.cbi.org.uk/cbi-prod/includes/themes/mura-cbi-theme/images/dsm-squares/cloud13e1.gif]
[www.cbi.org.uk/cbi-prod/includes/themes/mura-cbi-theme/images/dsm-squares/bubble13e1.gif]
[www.cbi.org.uk/businessvoice/latest/planning-for-brexit-the-automotive-sector/index.html]
[www.cbi.org.uk/cbi-prod/includes/themes/mura-cbi-theme/images/dsm-squares/cart13e1.gif]
[www.cbi.org.uk/cbi-prod/includes/themes/mura-cbi-theme/images/dsm-squares/lock13e1.gif]
[www.cbi.org.uk/businessvoice/latest/lgbt-progress-be-proud-but-not-satisfied/index.html]
[www.cbi.org.uk/cbi-prod/includes/themes/mura-cbi-theme/images/dsm-squares/arrow13e1.gif]
[www.cbi.org.uk/businessvoice/latest/bruce-daisley-twitter/index.html]
[www.cbi.org.uk/cbi-prod/includes/themes/mura-cbi-theme/images/x13e1.png]
[www.cbi.org.uk/about/terms-conditions/index.html]
[www.cbi.org.uk/about/privacy-policy/index.html]
[www.cbi.org.uk/about/slavery-statement/index.html]
[www.cbi.org.uk/site-map/index.html]
[www.cbi.org.uk/cbi-prod/includes/themes/mura-cbi-theme/assets/font-awesome/fonts/fontawesome-webfontba72.woff]
[www.cbi.org.uk/cbi-prod/includes/themes/mura-cbi-theme/assets/font-awesome/fonts/fontawesome-webfontba72.ttf]
[www.cbi.org.uk/cbi-prod/includes/themes/mura-cbi-theme/css/fonts/glyphicons-halflings-regulard41d.eot]
[www.cbi.org.uk/cbi-prod/includes/themes/mura-cbi-theme/assets/font-awesome/fonts/fontawesome-webfontba72.svg]
[www.cbi.org.uk/cbi-prod/includes/themes/mura-cbi-theme/css/images/file-icons/ai5689.gif]
[www.cbi.org.uk/cbi-prod/includes/themes/mura-cbi-theme/css/images/file-icons/css5689.gif]
[www.cbi.org.uk/cbi-prod/includes/themes/mura-cbi-theme/css/images/file-icons/doc5689.gif]
[www.cbi.org.uk/cbi-prod/includes/themes/mura-cbi-theme/css/images/file-icons/generic5689.gif]
[www.cbi.org.uk/cbi-prod/includes/themes/mura-cbi-theme/css/images/file-icons/gif5689.gif]
[www.cbi.org.uk/cbi-prod/includes/themes/mura-cbi-theme/css/images/file-icons/graffle5689.gif]
[www.cbi.org.uk/cbi-prod/includes/themes/mura-cbi-theme/css/images/file-icons/jpg5689.gif]
[www.cbi.org.uk/cbi-prod/includes/themes/mura-cbi-theme/assets/font-awesome/fonts/fontawesome-webfontd41d.eot]
[www.cbi.org.uk/cbi-prod/includes/themes/mura-cbi-theme/css/images/file-icons/mdb5689.gif]
[www.cbi.org.uk/cbi-prod/includes/themes/mura-cbi-theme/css/images/file-icons/mpp5689.gif]
[www.cbi.org.uk/cbi-prod/includes/themes/mura-cbi-theme/css/images/file-icons/ndd5689.gif]
[www.cbi.org.uk/cbi-prod/includes/themes/mura-cbi-theme/css/images/file-icons/pdf5689.gif]
[www.cbi.org.uk/cbi-prod/includes/themes/mura-cbi-theme/css/images/file-icons/png5689.gif]
[www.cbi.org.uk/cbi-prod/includes/themes/mura-cbi-theme/css/images/file-icons/ppt5689.gif]
[www.cbi.org.uk/cbi-prod/includes/themes/mura-cbi-theme/css/images/file-icons/psd5689.gif]
[www.cbi.org.uk/cbi-prod/includes/themes/mura-cbi-theme/css/images/file-icons/txt5689.gif]
[www.cbi.org.uk/cbi-prod/includes/themes/mura-cbi-theme/css/images/file-icons/url13e1.gif]
[www.cbi.org.uk/cbi-prod/includes/themes/mura-cbi-theme/css/images/file-icons/vsd13e1.gif]
[www.cbi.org.uk/cbi-prod/includes/themes/mura-cbi-theme/css/images/file-icons/xls13e1.gif]
[www.cbi.org.uk/cbi-prod/includes/themes/mura-cbi-theme/css/images/file-icons/zip13e1.gif]
[www.cbi.org.uk/cbi-prod/includes/themes/mura-cbi-theme/css/includes/display_objects/rater/images/star_zero13e1.png]
[www.cbi.org.uk/cbi-prod/includes/themes/mura-cbi-theme/css/includes/display_objects/rater/images/star_one13e1.png]
[www.cbi.org.uk/cbi-prod/includes/themes/mura-cbi-theme/css/includes/display_objects/rater/images/star_onehalf13e1.png]
[www.cbi.org.uk/cbi-prod/includes/themes/mura-cbi-theme/css/includes/display_objects/rater/images/star_two13e1.png]
[www.cbi.org.uk/cbi-prod/includes/themes/mura-cbi-theme/css/includes/display_objects/rater/images/star_twohalf13e1.png]
[www.cbi.org.uk/cbi-prod/includes/themes/mura-cbi-theme/css/includes/display_objects/rater/images/star_three13e1.png]
[www.cbi.org.uk/cbi-prod/includes/themes/mura-cbi-theme/css/includes/display_objects/rater/images/star_threehalf13e1.png]
[www.cbi.org.uk/cbi-prod/includes/themes/mura-cbi-theme/css/includes/display_objects/rater/images/star_four13e1.png]
[www.cbi.org.uk/cbi-prod/includes/themes/mura-cbi-theme/css/includes/display_objects/rater/images/star_fourhalf13e1.png]
[www.cbi.org.uk/cbi-prod/includes/themes/mura-cbi-theme/css/includes/display_objects/rater/images/star_five13e1.png]
[www.cbi.org.uk/cbi-prod/includes/themes/mura-cbi-theme/compiled/theme.minfa5a.css]
[www.cbi.org.uk/cbi-prod/includes/themes/mura-cbi-theme/images/ico/safari-pinned-tab.svg]
[www.cbi.org.uk/cbi-prod/includes/themes/mura-cbi-theme/images/CBI_logo-BLUE-MOBILE.svg]
[www.cbi.org.uk/cbi-prod/includes/themes/mura-cbi-theme/images/ico/menu-button.svg]
[www.cbi.org.uk/cbi-prod/cache/file/35D2061D-C89B-464A-9ED8CA48A63176A6.jpg]
[www.cbi.org.uk/cbi-prod/includes/themes/mura-cbi-theme/images/businessvoice/apple-touch-icon-57x57.png]
[www.cbi.org.uk/cbi-prod/includes/themes/mura-cbi-theme/images/businessvoice/apple-touch-icon-60x60.png]
[www.cbi.org.uk/cbi-prod/includes/themes/mura-cbi-theme/images/businessvoice/apple-touch-icon-72x72.png]
[www.cbi.org.uk/cbi-prod/includes/themes/mura-cbi-theme/images/businessvoice/apple-touch-icon-76x76.png]
[www.cbi.org.uk/cbi-prod/includes/themes/mura-cbi-theme/images/businessvoice/apple-touch-icon-114x114.png]
[www.cbi.org.uk/cbi-prod/includes/themes/mura-cbi-theme/images/businessvoice/apple-touch-icon-120x120.png]
[www.cbi.org.uk/cbi-prod/includes/themes/mura-cbi-theme/images/businessvoice/apple-touch-icon-144x144.png]
[www.cbi.org.uk/cbi-prod/includes/themes/mura-cbi-theme/images/businessvoice/apple-touch-icon-152x152.png]
[www.cbi.org.uk/cbi-prod/includes/themes/mura-cbi-theme/images/businessvoice/apple-touch-icon-180x180.png]
[www.cbi.org.uk/cbi-prod/includes/themes/mura-cbi-theme/images/businessvoice/favicon-32x32.png]
[www.cbi.org.uk/cbi-prod/includes/themes/mura-cbi-theme/images/businessvoice/android-chrome-192x192.png]
[www.cbi.org.uk/cbi-prod/includes/themes/mura-cbi-theme/images/businessvoice/favicon-96x96.png]
[www.cbi.org.uk/cbi-prod/includes/themes/mura-cbi-theme/images/businessvoice/favicon-16x16.png]
[www.cbi.org.uk/cbi-prod/includes/themes/mura-cbi-theme/images/businessvoice/manifest.json]
[www.cbi.org.uk/cbi-prod/includes/themes/mura-cbi-theme/images/businessvoice/safari-pinned-tab.svg]
[www.cbi.org.uk/cbi-prod/includes/themes/mura-cbi-theme/images/businessvoice/favicon.ico]
[www.cbi.org.uk/cbi-prod/includes/themes/mura-cbi-theme/images/businessvoice/mstile-144x144.png]
[www.cbi.org.uk/cbi-prod/includes/themes/mura-cbi-theme/images/businessvoice/browserconfig.xml]
[www.cbi.org.uk/cbi-prod/includes/themes/mura-cbi-theme/images/businessvoice/businessvoice-horizontal.png]
[www.cbi.org.uk/cbi-prod/cache/file/B8171B68-A8C4-4351-B05D614CD8AD2E37_businessvoice-front.jpg]
[www.cbi.org.uk/businessvoice/latest/brexit-the-regional-impact/index.html]
[www.cbi.org.uk/businessvoice/latest/index.html]
[www.cbi.org.uk/businessvoice/interviews/index.html]
[www.cbi.org.uk/businessvoice/features/index.html]
[www.cbi.org.uk/businessvoice/insight/index.html]
[www.cbi.org.uk/businessvoice/community/index.html]
[www.cbi.org.uk/businessvoice/podcasts/index.html]
[www.cbi.org.uk/businessvoice/contact/index.html]
[img.en25.com/i/livevalidation_standalone.compressed.js]
[www.cbi.org.uk/businessvoice/latest/the-sustained-action-we-re-calling-for-this-international-women-s-day/index.html]
[www.cbi.org.uk/businessvoice/latest/how-to-transfer-your-apprenticeship-levy/index.html]
[www.cbi.org.uk/businessvoice/latest/managing-misconceptions-to-make-the-apprenticeship-levy-work-for-businesses/index.html]
[www.cbi.org.uk/cbi-prod/assets/Image/BusinessVoice/Ads/influence.gif]
[www.cbi.org.uk/businessvoice/index.html]
[www.cbi.org.uk/businessvoice/latest/martin-frost-cambridge-medical-robotics/index.html]
[www.cbi.org.uk/businessvoice/latest/lindsley-ruth-electrocomponents/index.html]
[www.cbi.org.uk/about/index.html]
[www.cbi.org.uk/businessvoice/latest/cornelia-raportaru-taskrabbit/index.html]
[www.cbi.org.uk/businessvoice/latest/the-benefits-of-gender-diversity/index.html]
[www.cbi.org.uk/businessvoice/latest/nine-top-tips-for-innovating-your-way-to-success1/index.html]
[www.cbi.org.uk/businessvoice/latest/succeeding-in-business-virtually/index.html]
[www.cbi.org.uk/cbi-prod/cache/file/6F3F7FBE-54F2-400F-A9051418BAF07BA2.jpg]
[www.cbi.org.uk/businessvoice/sign-up/index.html]
[www.cbi.org.uk/businessvoice/latest/exports-begin-at-home/index.html]
[www.cbi.org.uk/cbi-prod/cache/file/6F3F7FBE-54F2-400F-A9051418BAF07BA2_banner2016.jpg]
[www.cbi.org.uk/cbi-prod/assets/File/gender-pay-gap-report.pdf]
[www.cbi.org.uk/businessvoice/latest/diversity-inclusion-11-ways-to-drive-change/index.html]
[www.cbi.org.uk/cbi-prod/assets/File/pdf/CBI_50 years of business innovation.pdf]
[www.cbi.org.uk/cbi-prod/assets/File/pdf/CBI_50 years of leadership.pdf]
[www.cbi.org.uk/cbi-prod/cache/file/F16A83FC-DEDD-47AD-866C21F2C42D8DCD_1xthumb-2x1.jpg]
[www.cbi.org.uk/cbi-prod/cache/file/53BB2F22-5149-48A4-A99E13ED44AFF905_1xthumb-2x1.jpg]
[www.cbi.org.uk/businessvoice/sitemap/index.html]
[www.cbi.org.uk/cbi-prod/cache/file/38FE50D7-9C4D-43D3-9CE1466123EFEECA_1xthumb-2x1.jpg]
[www.cbi.org.uk/about/about-us/index.html]
[www.cbi.org.uk/businessvoice/about-business-voice/index.html]
[www.cbi.org.uk/cbi-prod/includes/themes/mura-cbi-theme/images/ico/close-menu-button.svg]
[www.cbi.org.uk/cbi-prod/cache/file/698A98D8-5863-4CAF-B4A01BCB448C3A5B.jpg]
[www.cbi.org.uk/cbi-prod/cache/file/698A98D8-5863-4CAF-B4A01BCB448C3A5B_banner2016.jpg]
[www.cbi.org.uk/cbi-prod/cache/file/5FC58C2C-3A96-493D-AD18505D2CFC6149_1xthumb-1x1.jpg]
[www.cbi.org.uk/cbi-prod/cache/file/5FC58C2C-3A96-493D-AD18505D2CFC6149_2xthumb-2x1.jpg]
[www.cbi.org.uk/cbi-prod/cache/file/E0C5F06C-94BC-4C42-B5FCEBCBC3C52CF2_1xthumb-1x1.jpg]
[www.cbi.org.uk/cbi-prod/cache/file/E0C5F06C-94BC-4C42-B5FCEBCBC3C52CF2_2xthumb-2x1.jpg]
[www.cbi.org.uk/cbi-prod/cache/file/FB208272-8932-45FA-9ADA9A73CE304BFB_1xthumb-1x1.jpg]
[www.cbi.org.uk/about/who-we-are/leadership/carolyn-fairbairn/index.html]
[www.cbi.org.uk/cbi-prod/cache/file/78C8D775-3764-4092-8881E0171FF07C9C_1xthumb-1x1.jpg]
[www.cbi.org.uk/about/who-we-are/leadership/josh-hardie/index.html]
[www.cbi.org.uk/cbi-prod/cache/file/3E7D8E3A-3881-477C-A4BD0E6DCE47B3FC_1xthumb-1x1.jpg]
[www.cbi.org.uk/cbi-prod/cache/file/3E7D8E3A-3881-477C-A4BD0E6DCE47B3FC_2xthumb-2x1.jpg]
[www.cbi.org.uk/about/who-we-are/leadership/henrietta-jowitt/index.html]
[www.cbi.org.uk/cbi-prod/cache/file/1732D2E4-A6CE-441F-A6747D2AB4AA68A3_1xthumb-1x1.jpg]
[www.cbi.org.uk/about/who-we-are/leadership/matthew-fell/index.html]
[www.cbi.org.uk/cbi-prod/cache/file/85DFE101-8AF1-4F14-95E392814D57C739_1xthumb-1x1.jpg]
[www.cbi.org.uk/cbi-prod/cache/file/85DFE101-8AF1-4F14-95E392814D57C739_2xthumb-2x1.jpg]
[www.cbi.org.uk/cbi-prod/cache/file/CBC4F002-FF0C-4197-80D29930F7F865F1_1xthumb-1x1.jpg]
[www.cbi.org.uk/about/who-we-are/leadership/neil-tomkins/index.html]
[www.cbi.org.uk/cbi-prod/cache/file/2C25DA79-85C7-4205-B19338FBA44F2D3A_1xthumb-1x1.jpg]
[www.cbi.org.uk/about/who-we-are/leadership/deborah-tonroe/index.html]
[www.cbi.org.uk/cbi-prod/cache/file/0D6BB16C-95E9-4615-945D43808BD7C491_1xthumb-1x1.jpg]
[www.cbi.org.uk/cbi-prod/cache/file/0D6BB16C-95E9-4615-945D43808BD7C491_2xthumb-2x1.jpg]
[www.cbi.org.uk/about/who-we-are/leadership/ben-digby/index.html]
[www.cbi.org.uk/cbi-prod/cache/file/CB03955A-CE92-41CB-828DDA262A3C95FE_2xthumb-2x1.jpg]
[www.cbi.org.uk/cbi-prod/cache/file/1730C153-7EFB-484F-BDC2F48110C3330D_1xthumb-1x1.jpg]
[www.cbi.org.uk/cbi-prod/cache/file/1730C153-7EFB-484F-BDC2F48110C3330D_2xthumb-2x1.jpg]
[www.cbi.org.uk/cbi-prod/cache/file/7EF3E190-51BF-47E5-802BC55ABAD83121_1xthumb-1x1.jpg]
[www.cbi.org.uk/cbi-prod/cache/file/978E2D41-5BDE-441B-8D781B5A67BBC6A3_1xthumb-1x1.jpg]
[www.cbi.org.uk/cbi-prod/cache/file/978E2D41-5BDE-441B-8D781B5A67BBC6A3_2xthumb-2x1.jpg]
[www.cbi.org.uk/cbi-prod/cache/file/8FE74810-970E-412A-BB4B30FAE3975F84_1xthumb-1x1.jpg]
[www.cbi.org.uk/about/who-we-are/leadership/felicity-burch/index.html]
[www.cbi.org.uk/cbi-prod/cache/file/5BC0A967-8D32-4206-B42D51DF6EF4A503_1xthumb-1x1.jpg]
[www.cbi.org.uk/cbi-prod/cache/file/5BC0A967-8D32-4206-B42D51DF6EF4A503_2xthumb-2x1.jpg]
[www.cbi.org.uk/cbi-prod/cache/file/4B59107E-92EF-47D0-AD2BFF39592EDE2E_1xthumb-1x1.jpg]
[www.cbi.org.uk/about/who-we-are/leadership/sean-mcguire/index.html]
[www.cbi.org.uk/cbi-prod/cache/file/324FE606-2C8A-4445-8C7FE2DFF0962D38_1xthumb-1x1.jpg]
[www.cbi.org.uk/cbi-prod/cache/file/324FE606-2C8A-4445-8C7FE2DFF0962D38_2xthumb-2x1.jpg]
[www.cbi.org.uk/cbi-prod/cache/file/82990367-B74A-42C3-9B20AEFDFA527A21_1xthumb-1x1.jpg]
[www.cbi.org.uk/cbi-prod/cache/file/82990367-B74A-42C3-9B20AEFDFA527A21_2xthumb-2x1.jpg]
[www.cbi.org.uk/cbi-prod/cache/file/64453A65-3D51-4201-907EBBD51DE0190A_1xthumb-1x1.jpg]
[www.cbi.org.uk/cbi-prod/cache/file/64453A65-3D51-4201-907EBBD51DE0190A_2xthumb-2x1.jpg]
[www.cbi.org.uk/about/who-we-are/board/heidi-mottram/index.html]
[www.cbi.org.uk/cbi-prod/cache/file/CBE15639-3E95-4C75-B5B2BB07CDAC2D12_1xthumb-1x1.jpg]
[www.cbi.org.uk/cbi-prod/cache/file/CBE15639-3E95-4C75-B5B2BB07CDAC2D12_2xthumb-2x1.jpg]
[www.cbi.org.uk/cbi-prod/cache/file/6FA0275F-2A82-400A-96D12220DB2E1499_1xthumb-1x1.jpg]
[www.cbi.org.uk/about/who-we-are/index.html]
[www.cbi.org.uk/about/who-we-are/board/anna-marks/index.html]
[www.cbi.org.uk/cbi-prod/cache/file/C3BF8771-085D-429B-9C7461EA028A99C7.png]
[www.cbi.org.uk/cbi-prod/assets/Image/Graph_Chairmans-Committee.gif]
[www.cbi.org.uk/cbi-prod/assets/File/CBI-Annual-General-Meeting-Minute-06-July-2017(1).pdf]
[www.cbi.org.uk/about/cbi-councils-and-committees/index.html]
[www.cbi.org.uk/cbi-prod/assets/File/pdf/cbi-annual-general-meeting-minutes-19-june-2018-pdf.pdf]
[www.cbi.org.uk/cbi-prod/assets/File/pdf/cbi-annual-report-2014.pdf]
[www.cbi.org.uk/about/how-we-work/index.html]
[www.cbi.org.uk/cbi-prod/cache/file/A4B99CDB-9CF3-48A1-8B9C2B45CC075C3A.jpg]
[www.cbi.org.uk/cbi-prod/cache/file/A4B99CDB-9CF3-48A1-8B9C2B45CC075C3A_banner2016.jpg]
[www.cbi.org.uk/about/where-we-operate/index.html]
[www.cbi.org.uk/about/where-we-operate/east-midlands/index.html]
[www.cbi.org.uk/about/where-we-operate/east-of-england/index.html]
[www.cbi.org.uk/cbi-prod/cache/file/56946FD6-D95C-4AEF-A5F383A3A858FFC9.jpg]
[www.cbi.org.uk/cbi-prod/cache/file/56946FD6-D95C-4AEF-A5F383A3A858FFC9_banner2016.jpg]
[www.cbi.org.uk/about/where-we-operate/north-east/index.html]
[www.cbi.org.uk/cbi-prod/assets/Image/dce.gif]
[www.cbi.org.uk/about/where-we-operate/north-west/index.html]
[www.cbi.org.uk/cbi-prod/assets/File/pdf/behaviours-framework-guidance.pdf]
[www.cbi.org.uk/about/where-we-operate/northern-ireland/index.html]
[www.cbi.org.uk/cbi-prod/assets/File/pdf/cbi-skills-framework.pdf]
[www.cbi.org.uk/about/where-we-operate/scotland/index.html]
[www.cbi.org.uk/cbi-prod/assets/Image/GIFs/smf.gif]
[www.cbi.org.uk/about/careers/index.html]
[www.cbi.org.uk/about/where-we-operate/south-east/index.html]
[www.cbi.org.uk/about/where-we-operate/south-west/index.html]
[www.cbi.org.uk/about/careers/senior-policy-adviser/index.html]
[www.cbi.org.uk/about/where-we-operate/thames-valley/index.html]
[www.cbi.org.uk/about/where-we-operate/wales/index.html]
[www.cbi.org.uk/about/careers/events-marketing-manager-ftc/index.html]
[www.cbi.org.uk/about/where-we-operate/west-midlands/index.html]
[www.cbi.org.uk/about/where-we-operate/yorkshire-and-humber/index.html]
[www.cbi.org.uk/about/careers/desktop-analyst/index.html]
[www.cbi.org.uk/about/where-we-operate/america/index.html]
[www.cbi.org.uk/about/where-we-operate/china/index.html]
[www.cbi.org.uk/about/careers/economist-ftc/index.html]
[www.cbi.org.uk/about/where-we-operate/brussels/index.html]
[www.cbi.org.uk/about/where-we-operate/uk/index.html]
[www.cbi.org.uk/about/careers/relationship-manager/index.html]
[www.cbi.org.uk/about/where-we-operate/india/index.html]
[www.cbi.org.uk/about/disability-confident-employer/index.html]
[www.cbi.org.uk/about/careers/business-development-executive/index.html]
[www.cbi.org.uk/about/careers/head-of-commercial-partnerships/index.html]
[www.cbi.org.uk/about/careers/head-of-new-product-development/index.html]
[www.cbi.org.uk/cbi-prod/cache/file/F440FCEE-0BC0-4610-91F6C7BCBEFC7405.jpg]
[www.cbi.org.uk/about/partnerships/index.html]
[www.cbi.org.uk/events/events/annual-conference/index.html]
[www.cbi.org.uk/events/events/boosting-growth-through-inclusive-workplaces/index.html]
[www.cbi.org.uk/cbi-prod/cache/file/282E2FB0-6F30-4920-8B3D997C714519EF.jpg]
[www.cbi.org.uk/events/events/cyber-security-business-insight-conference1/index.html]
[www.cbi.org.uk/cbi-prod/cache/file/282E2FB0-6F30-4920-8B3D997C714519EF_banner2016.jpg]
[www.cbi.org.uk/events/events/people-skills-business-insight-conference-belfast/index.html]
[www.cbi.org.uk/cbi-prod/cache/file/14EBFE62-F7E4-4945-8573B191A3887F9C_1xthumb-2x1.jpg]
[www.cbi.org.uk/events/events/innovation-business-insight-conference2/index.html]
[www.cbi.org.uk/cbi-prod/cache/file/C7833980-F84E-4296-92DCBC952145632E_1xthumb-2x1.jpg]
[www.cbi.org.uk/cbi-prod/cache/file/3A421A85-6739-4155-BD7ADB4419FDAAE3_1xthumb-2x1.jpg]
[www.cbi.org.uk/cbi-prod/cache/file/7ADC7D03-458C-4386-914E35C34035E39E_1xthumb-2x1.jpg]
[www.cbi.org.uk/cbi-prod/cache/file/DA9466E9-B83D-4276-9B7970297390D3ED_1xthumb-2x1.jpg]
